[1.161s] Invoking command in '/home/mengo/amr_project_ws/src/build/turtlebot3_gazebo': CMAKE_PREFIX_PATH=${CMAKE_PREFIX_PATH}:/home/mengo/amr_project_ws/install/exploration:/opt/ros/humble /usr/bin/cmake --build /home/mengo/amr_project_ws/src/build/turtlebot3_gazebo -- -j12 -l12
[1.283s] [ 25%] [32mBuilding CXX object CMakeFiles/obstacle1.dir/models/turtlebot3_dqn_world/obstacle_plugin/obstacle1.cc.o[0m
[1.283s] [ 25%] [32mBuilding CXX object CMakeFiles/turtlebot3_drive.dir/src/turtlebot3_drive.cpp.o[0m
[1.285s] [ 37%] [32mBuilding CXX object CMakeFiles/obstacle2.dir/models/turtlebot3_dqn_world/obstacle_plugin/obstacle2.cc.o[0m
[24.216s] gmake[2]: *** wait: No child processes.  Stop.
[24.216s] gmake[2]: *** Waiting for unfinished jobs....
[24.217s] gmake[2]: *** wait: No child processes.  Stop.
[24.217s] gmake[2]: *** wait: No child processes.  Stop.
[24.218s] gmake[2]: *** Waiting for unfinished jobs....
[24.226s] gmake[2]: *** wait: No child processes.  Stop.
[24.227s] gmake[1]: *** [CMakeFiles/Makefile2:195: CMakeFiles/obstacle2.dir/all] Error 2
[24.229s] gmake[1]: *** [CMakeFiles/Makefile2:143: CMakeFiles/turtlebot3_drive.dir/all] Error 2
[24.230s] gmake[2]: *** wait: No child processes.  Stop.
[24.231s] gmake[2]: *** Waiting for unfinished jobs....
[24.236s] gmake[2]: *** wait: No child processes.  Stop.
[24.238s] gmake[1]: *** [CMakeFiles/Makefile2:169: CMakeFiles/obstacle1.dir/all] Error 2
[24.240s] gmake: *** [Makefile:146: all] Interrupt
[24.362s] Invoked command in '/home/mengo/amr_project_ws/src/build/turtlebot3_gazebo' returned '-2': CMAKE_PREFIX_PATH=${CMAKE_PREFIX_PATH}:/home/mengo/amr_project_ws/install/exploration:/opt/ros/humble /usr/bin/cmake --build /home/mengo/amr_project_ws/src/build/turtlebot3_gazebo -- -j12 -l12
