[1.175s] Invoking command in '/home/mengo/amr_project_ws/src/build/turtlebot3_gazebo': CMAKE_PREFIX_PATH=${CMAKE_PREFIX_PATH}:/home/mengo/amr_project_ws/install/exploration:/opt/ros/humble /usr/bin/cmake /home/mengo/amr_project_ws/src/turtlebot3_gazebo -DCMAKE_INSTALL_PREFIX=/home/mengo/amr_project_ws/src/install/turtlebot3_gazebo
[1.280s] -- The C compiler identification is GNU 11.4.0
[1.399s] -- The CXX compiler identification is GNU 11.4.0
[1.418s] -- Detecting C compiler ABI info
[1.560s] -- Detecting C compiler ABI info - done
[1.587s] -- Check for working C compiler: /usr/bin/cc - skipped
[1.587s] -- Detecting C compile features
[1.589s] -- Detecting C compile features - done
[1.599s] -- Detecting CXX compiler ABI info
[1.795s] -- Detecting CXX compiler ABI info - done
[1.813s] -- Check for working CXX compiler: /usr/bin/c++ - skipped
[1.814s] -- Detecting CXX compile features
[1.814s] -- Detecting CXX compile features - done
[1.822s] -- Found ament_cmake: 1.3.5 (/opt/ros/humble/share/ament_cmake/cmake)
[2.228s] -- Found Python3: /usr/bin/python3.10 (found version "3.10.12") found components: Interpreter 
[2.456s] [33mCMake Warning (dev) at /usr/share/cmake-3.22/Modules/FindPackageHandleStandardArgs.cmake:438 (message):
[2.456s]   The package name passed to `find_package_handle_standard_args` (PkgConfig)
[2.456s]   does not match the name of the calling package (gazebo).  This can lead to
[2.456s]   problems in calling code that expects `find_package` result variables
[2.457s]   (e.g., `_FOUND`) to follow a certain pattern.
[2.457s] Call Stack (most recent call first):
[2.457s]   /usr/share/cmake-3.22/Modules/FindPkgConfig.cmake:99 (find_package_handle_standard_args)
[2.457s]   /usr/lib/x86_64-linux-gnu/cmake/gazebo/gazebo-config.cmake:72 (include)
[2.457s]   CMakeLists.txt:23 (find_package)
[2.457s] This warning is for project developers.  Use -Wno-dev to suppress it.
[2.457s] [0m
[2.458s] -- Found PkgConfig: /usr/bin/pkg-config (found version "0.29.2") 
[2.468s] -- Checking for module 'bullet>=2.82'
[2.494s] --   Found bullet, version 3.05
[2.736s] -- Found fcl: /usr/include (found suitable version "0.7.0", minimum required is "0.5.0") 
[2.865s] -- Found assimp: /usr/include (found version "5.2.0") 
[2.908s] -- Found DART: /usr/include (Required is at least version "6.6") found components: dart 
[3.303s] -- Found Boost: /usr/lib/x86_64-linux-gnu/cmake/Boost-1.74.0/BoostConfig.cmake (found suitable version "1.74.0", minimum required is "1.40.0") found components: thread system filesystem program_options regex iostreams date_time 
[3.345s] -- Found Protobuf: /usr/lib/x86_64-linux-gnu/libprotobuf.so (found version "3.12.4") 
[3.356s] -- Looking for ignition-math6 -- found version 6.15.0
[3.367s] -- Searching for dependencies of ignition-math6
[3.373s] -- Looking for OGRE...
[3.375s] -- OGRE_PREFIX_WATCH changed.
[3.384s] -- Checking for module 'OGRE'
[3.413s] --   Found OGRE, version 1.9.0
[3.490s] -- Found Ogre Ghadamon (1.9.0)
[3.512s] -- Found OGRE: optimized;/usr/lib/x86_64-linux-gnu/libOgreMain.so;debug;/usr/lib/x86_64-linux-gnu/libOgreMain.so
[3.536s] -- Looking for OGRE_Paging...
[3.543s] -- Found OGRE_Paging: optimized;/usr/lib/x86_64-linux-gnu/libOgrePaging.so;debug;/usr/lib/x86_64-linux-gnu/libOgrePaging.so
[3.543s] -- Looking for OGRE_Terrain...
[3.559s] -- Found OGRE_Terrain: optimized;/usr/lib/x86_64-linux-gnu/libOgreTerrain.so;debug;/usr/lib/x86_64-linux-gnu/libOgreTerrain.so
[3.559s] -- Looking for OGRE_Property...
[3.577s] -- Found OGRE_Property: optimized;/usr/lib/x86_64-linux-gnu/libOgreProperty.so;debug;/usr/lib/x86_64-linux-gnu/libOgreProperty.so
[3.577s] -- Looking for OGRE_RTShaderSystem...
[3.606s] -- Found OGRE_RTShaderSystem: optimized;/usr/lib/x86_64-linux-gnu/libOgreRTShaderSystem.so;debug;/usr/lib/x86_64-linux-gnu/libOgreRTShaderSystem.so
[3.606s] -- Looking for OGRE_Volume...
[3.627s] -- Found OGRE_Volume: optimized;/usr/lib/x86_64-linux-gnu/libOgreVolume.so;debug;/usr/lib/x86_64-linux-gnu/libOgreVolume.so
[3.627s] -- Looking for OGRE_Overlay...
[3.640s] -- Found OGRE_Overlay: optimized;/usr/lib/x86_64-linux-gnu/libOgreOverlay.so;debug;/usr/lib/x86_64-linux-gnu/libOgreOverlay.so
[4.002s] -- Looking for ignition-math6 -- found version 6.15.0
[4.006s] -- Looking for ignition-transport8 -- found version 8.2.1
[4.007s] -- Searching for dependencies of ignition-transport8
[4.045s] -- Found Protobuf: /usr/lib/x86_64-linux-gnu/libprotobuf.so (found suitable version "3.12.4", minimum required is "3") 
[4.067s] -- Config-file not installed for ZeroMQ -- checking for pkg-config
[4.079s] -- Checking for module 'libzmq >= 4'
[4.105s] --   Found libzmq , version 4.3.4
[4.181s] -- Found ZeroMQ: TRUE (Required is at least version "4") 
[4.192s] -- Checking for module 'uuid'
[4.225s] --   Found uuid, version 2.37.2
[4.303s] -- Found UUID: TRUE  
[4.306s] -- Looking for ignition-msgs5 -- found version 5.8.1
[4.307s] -- Searching for dependencies of ignition-msgs5
[4.343s] -- Looking for ignition-math6 -- found version 6.15.0
[4.354s] -- Checking for module 'tinyxml2'
[4.386s] --   Found tinyxml2, version 9.0.0
[4.457s] -- Looking for ignition-msgs5 -- found version 5.8.1
[4.463s] -- Looking for ignition-common3 -- found version 3.14.0
[4.466s] -- Searching for dependencies of ignition-common3
[4.466s] -- Looking for dlfcn.h - found
[4.469s] -- Looking for libdl - found
[4.472s] -- Found DL: TRUE  
[4.502s] -- Found tinyobjloader: /usr/lib/x86_64-linux-gnu/cmake/tinyobjloader/tinyobjloader-config.cmake (found version "2.0.0") 
[4.503s] -- Searching for <ignition-common3> component [graphics]
[4.510s] -- Looking for ignition-common3-graphics -- found version 3.14.0
[4.512s] -- Searching for dependencies of ignition-common3-graphics
[4.512s] -- Looking for ignition-math6 -- found version 6.15.0
[4.521s] -- Looking for ignition-fuel_tools4 -- found version 4.4.0
[4.525s] -- Searching for dependencies of ignition-fuel_tools4
[4.712s] -- Found CURL: /usr/lib/x86_64-linux-gnu/libcurl.so (found version "7.81.0")  
[4.735s] -- Checking for module 'jsoncpp'
[4.764s] --   Found jsoncpp, version 1.9.5
[4.840s] -- Found JSONCPP: TRUE  
[4.854s] -- Checking for module 'libzip'
[4.905s] --   Found libzip, version 1.7.3
[5.012s] -- Found ZIP: TRUE  
[5.016s] -- Looking for ignition-common3 -- found version 3.14.0
[5.017s] -- Looking for ignition-math6 -- found version 6.15.0
[5.018s] -- Looking for ignition-msgs5 -- found version 5.8.1
[5.037s] -- Found gazebo_ros_pkgs: 3.7.0 (/opt/ros/humble/share/gazebo_ros_pkgs/cmake)
[5.043s] -- Found geometry_msgs: 4.2.3 (/opt/ros/humble/share/geometry_msgs/cmake)
[5.151s] -- Found rosidl_generator_c: 3.1.5 (/opt/ros/humble/share/rosidl_generator_c/cmake)
[5.171s] -- Found rosidl_adapter: 3.1.5 (/opt/ros/humble/share/rosidl_adapter/cmake)
[5.201s] -- Found rosidl_generator_cpp: 3.1.5 (/opt/ros/humble/share/rosidl_generator_cpp/cmake)
[5.237s] -- Using all available rosidl_typesupport_c: rosidl_typesupport_fastrtps_c;rosidl_typesupport_introspection_c
[5.295s] -- Using all available rosidl_typesupport_cpp: rosidl_typesupport_fastrtps_cpp;rosidl_typesupport_introspection_cpp
[5.555s] -- Found nav_msgs: 4.2.3 (/opt/ros/humble/share/nav_msgs/cmake)
[5.728s] -- Found rclcpp: 16.0.6 (/opt/ros/humble/share/rclcpp/cmake)
[5.861s] -- Found rmw_implementation_cmake: 6.1.1 (/opt/ros/humble/share/rmw_implementation_cmake/cmake)
[5.867s] -- Found rmw_cyclonedds_cpp: 1.3.4 (/opt/ros/humble/share/rmw_cyclonedds_cpp/cmake)
[5.938s] -- Using RMW implementation 'rmw_cyclonedds_cpp' as default
[5.960s] -- Found Threads: TRUE  
[6.249s] -- Found sensor_msgs: 4.2.3 (/opt/ros/humble/share/sensor_msgs/cmake)
[6.440s] -- Found tf2: 0.25.4 (/opt/ros/humble/share/tf2/cmake)
[6.618s] -- Configuring done
[6.712s] -- Generating done
[6.720s] -- Build files have been written to: /home/mengo/amr_project_ws/src/build/turtlebot3_gazebo
[6.746s] Invoked command in '/home/mengo/amr_project_ws/src/build/turtlebot3_gazebo' returned '0': CMAKE_PREFIX_PATH=${CMAKE_PREFIX_PATH}:/home/mengo/amr_project_ws/install/exploration:/opt/ros/humble /usr/bin/cmake /home/mengo/amr_project_ws/src/turtlebot3_gazebo -DCMAKE_INSTALL_PREFIX=/home/mengo/amr_project_ws/src/install/turtlebot3_gazebo
[6.750s] Invoking command in '/home/mengo/amr_project_ws/src/build/turtlebot3_gazebo': CMAKE_PREFIX_PATH=${CMAKE_PREFIX_PATH}:/home/mengo/amr_project_ws/install/exploration:/opt/ros/humble /usr/bin/cmake --build /home/mengo/amr_project_ws/src/build/turtlebot3_gazebo -- -j12 -l12
[6.929s] [ 12%] [32mBuilding CXX object CMakeFiles/turtlebot3_drive.dir/src/turtlebot3_drive.cpp.o[0m
[26.265s] gmake[2]: *** [CMakeFiles/turtlebot3_drive.dir/build.make:76: CMakeFiles/turtlebot3_drive.dir/src/turtlebot3_drive.cpp.o] Interrupt
[26.265s] gmake[1]: *** [CMakeFiles/Makefile2:143: CMakeFiles/turtlebot3_drive.dir/all] Interrupt
[26.265s] gmake: *** [Makefile:146: all] Interrupt
[26.372s] Invoked command in '/home/mengo/amr_project_ws/src/build/turtlebot3_gazebo' returned '-2': CMAKE_PREFIX_PATH=${CMAKE_PREFIX_PATH}:/home/mengo/amr_project_ws/install/exploration:/opt/ros/humble /usr/bin/cmake --build /home/mengo/amr_project_ws/src/build/turtlebot3_gazebo -- -j12 -l12
